C:\USERS\HO-CHUL\DESKTOP\숫자비교\DEBUG\숫자비교.EXE
C:\USERS\HO-CHUL\DESKTOP\숫자비교\DEBUG\숫자비교.ILK
C:\USERS\HO-CHUL\DESKTOP\숫자비교\DEBUG\숫자비교.PDB
C:\USERS\HO-CHUL\DESKTOP\숫자비교\숫자비교\DEBUG\VC100.PDB
C:\USERS\HO-CHUL\DESKTOP\숫자비교\숫자비교\DEBUG\숫자비교.EXE.EMBED.MANIFEST.RES
C:\USERS\HO-CHUL\DESKTOP\숫자비교\숫자비교\DEBUG\숫자비교.EXE.INTERMEDIATE.MANIFEST
C:\USERS\HO-CHUL\DESKTOP\숫자비교\숫자비교\DEBUG\숫자비교.OBJ
C:\USERS\KIM CHANG T\DESKTOP\나만의\잡\숫자비교\DEBUG\숫자비교.EXE
C:\USERS\KIM CHANG T\DESKTOP\나만의\잡\숫자비교\DEBUG\숫자비교.ILK
C:\USERS\KIM CHANG T\DESKTOP\나만의\잡\숫자비교\DEBUG\숫자비교.PDB
C:\USERS\KIM CHANG T\DESKTOP\나만의\잡\숫자비교\숫자비교\DEBUG\VC100.PDB
C:\USERS\KIM CHANG T\DESKTOP\나만의\잡\숫자비교\숫자비교\DEBUG\숫자비교.EXE.EMBED.MANIFEST
C:\USERS\KIM CHANG T\DESKTOP\나만의\잡\숫자비교\숫자비교\DEBUG\숫자비교.EXE.EMBED.MANIFEST.RES
C:\USERS\KIM CHANG T\DESKTOP\나만의\잡\숫자비교\숫자비교\DEBUG\숫자비교.EXE.INTERMEDIATE.MANIFEST
D:\CHC\STARCRAFT_AFTER_SEP\REPLAY_DEV\FAST_SLOW구분하는것C++\DEBUG\숫자비교.EXE
D:\CHC\STARCRAFT_AFTER_SEP\REPLAY_DEV\FAST_SLOW구분하는것C++\DEBUG\숫자비교.ILK
D:\CHC\STARCRAFT_AFTER_SEP\REPLAY_DEV\FAST_SLOW구분하는것C++\DEBUG\숫자비교.PDB
D:\CHC\STARCRAFT_AFTER_SEP\REPLAY_DEV\FAST_SLOW구분하는것C++\숫자비교\DEBUG\VC100.PDB
D:\CHC\STARCRAFT_AFTER_SEP\REPLAY_DEV\FAST_SLOW구분하는것C++\숫자비교\DEBUG\숫자비교.EXE.EMBED.MANIFEST.RES
D:\CHC\STARCRAFT_AFTER_SEP\REPLAY_DEV\FAST_SLOW구분하는것C++\숫자비교\DEBUG\숫자비교.EXE.INTERMEDIATE.MANIFEST
D:\CHC\STARCRAFT_AFTER_SEP\REPLAY_DEV\FAST_SLOW구분하는것C++\숫자비교\DEBUG\숫자비교.OBJ
D:\CHC\STARCRAFT_AFTER_SEP\REPLAY_DEV\전처리_C++프로그램모음\FAST_SLOW구분+ARFF데이터만들기\DEBUG\숫자비교.EXE
D:\CHC\STARCRAFT_AFTER_SEP\REPLAY_DEV\전처리_C++프로그램모음\FAST_SLOW구분+ARFF데이터만들기\DEBUG\숫자비교.ILK
D:\CHC\STARCRAFT_AFTER_SEP\REPLAY_DEV\전처리_C++프로그램모음\FAST_SLOW구분+ARFF데이터만들기\DEBUG\숫자비교.PDB
D:\chc\Starcraft_after_sep\replay_dev\전처리_C++프로그램모음\fast_slow구분+arff데이터만들기\숫자비교\Debug\cl.command.1.tlog
D:\chc\Starcraft_after_sep\replay_dev\전처리_C++프로그램모음\fast_slow구분+arff데이터만들기\숫자비교\Debug\CL.read.1.tlog
D:\chc\Starcraft_after_sep\replay_dev\전처리_C++프로그램모음\fast_slow구분+arff데이터만들기\숫자비교\Debug\CL.write.1.tlog
D:\chc\Starcraft_after_sep\replay_dev\전처리_C++프로그램모음\fast_slow구분+arff데이터만들기\숫자비교\Debug\link.1268.read.1.tlog
D:\chc\Starcraft_after_sep\replay_dev\전처리_C++프로그램모음\fast_slow구분+arff데이터만들기\숫자비교\Debug\link.1268.write.1.tlog
D:\chc\Starcraft_after_sep\replay_dev\전처리_C++프로그램모음\fast_slow구분+arff데이터만들기\숫자비교\Debug\link.1268-cvtres.read.1.tlog
D:\chc\Starcraft_after_sep\replay_dev\전처리_C++프로그램모음\fast_slow구분+arff데이터만들기\숫자비교\Debug\link.1268-cvtres.write.1.tlog
D:\chc\Starcraft_after_sep\replay_dev\전처리_C++프로그램모음\fast_slow구분+arff데이터만들기\숫자비교\Debug\link.2452.read.1.tlog
D:\chc\Starcraft_after_sep\replay_dev\전처리_C++프로그램모음\fast_slow구분+arff데이터만들기\숫자비교\Debug\link.2452.write.1.tlog
D:\chc\Starcraft_after_sep\replay_dev\전처리_C++프로그램모음\fast_slow구분+arff데이터만들기\숫자비교\Debug\link.2452-cvtres.read.1.tlog
D:\chc\Starcraft_after_sep\replay_dev\전처리_C++프로그램모음\fast_slow구분+arff데이터만들기\숫자비교\Debug\link.2452-cvtres.write.1.tlog
D:\chc\Starcraft_after_sep\replay_dev\전처리_C++프로그램모음\fast_slow구분+arff데이터만들기\숫자비교\Debug\link.4016.read.1.tlog
D:\chc\Starcraft_after_sep\replay_dev\전처리_C++프로그램모음\fast_slow구분+arff데이터만들기\숫자비교\Debug\link.4016.write.1.tlog
D:\chc\Starcraft_after_sep\replay_dev\전처리_C++프로그램모음\fast_slow구분+arff데이터만들기\숫자비교\Debug\link.4016-cvtres.read.1.tlog
D:\chc\Starcraft_after_sep\replay_dev\전처리_C++프로그램모음\fast_slow구분+arff데이터만들기\숫자비교\Debug\link.4016-cvtres.write.1.tlog
D:\chc\Starcraft_after_sep\replay_dev\전처리_C++프로그램모음\fast_slow구분+arff데이터만들기\숫자비교\Debug\link.4672.read.1.tlog
D:\chc\Starcraft_after_sep\replay_dev\전처리_C++프로그램모음\fast_slow구분+arff데이터만들기\숫자비교\Debug\link.4672.write.1.tlog
D:\chc\Starcraft_after_sep\replay_dev\전처리_C++프로그램모음\fast_slow구분+arff데이터만들기\숫자비교\Debug\link.4672-cvtres.read.1.tlog
D:\chc\Starcraft_after_sep\replay_dev\전처리_C++프로그램모음\fast_slow구분+arff데이터만들기\숫자비교\Debug\link.4672-cvtres.write.1.tlog
D:\chc\Starcraft_after_sep\replay_dev\전처리_C++프로그램모음\fast_slow구분+arff데이터만들기\숫자비교\Debug\link.4756.read.1.tlog
D:\chc\Starcraft_after_sep\replay_dev\전처리_C++프로그램모음\fast_slow구분+arff데이터만들기\숫자비교\Debug\link.4756.write.1.tlog
D:\chc\Starcraft_after_sep\replay_dev\전처리_C++프로그램모음\fast_slow구분+arff데이터만들기\숫자비교\Debug\link.4756-cvtres.read.1.tlog
D:\chc\Starcraft_after_sep\replay_dev\전처리_C++프로그램모음\fast_slow구분+arff데이터만들기\숫자비교\Debug\link.4756-cvtres.write.1.tlog
D:\chc\Starcraft_after_sep\replay_dev\전처리_C++프로그램모음\fast_slow구분+arff데이터만들기\숫자비교\Debug\link.488.read.1.tlog
D:\chc\Starcraft_after_sep\replay_dev\전처리_C++프로그램모음\fast_slow구분+arff데이터만들기\숫자비교\Debug\link.488.write.1.tlog
D:\chc\Starcraft_after_sep\replay_dev\전처리_C++프로그램모음\fast_slow구분+arff데이터만들기\숫자비교\Debug\link.488-cvtres.read.1.tlog
D:\chc\Starcraft_after_sep\replay_dev\전처리_C++프로그램모음\fast_slow구분+arff데이터만들기\숫자비교\Debug\link.488-cvtres.write.1.tlog
D:\chc\Starcraft_after_sep\replay_dev\전처리_C++프로그램모음\fast_slow구분+arff데이터만들기\숫자비교\Debug\link.5092.read.1.tlog
D:\chc\Starcraft_after_sep\replay_dev\전처리_C++프로그램모음\fast_slow구분+arff데이터만들기\숫자비교\Debug\link.5092.write.1.tlog
D:\chc\Starcraft_after_sep\replay_dev\전처리_C++프로그램모음\fast_slow구분+arff데이터만들기\숫자비교\Debug\link.5092-cvtres.read.1.tlog
D:\chc\Starcraft_after_sep\replay_dev\전처리_C++프로그램모음\fast_slow구분+arff데이터만들기\숫자비교\Debug\link.5092-cvtres.write.1.tlog
D:\chc\Starcraft_after_sep\replay_dev\전처리_C++프로그램모음\fast_slow구분+arff데이터만들기\숫자비교\Debug\link.5276.read.1.tlog
D:\chc\Starcraft_after_sep\replay_dev\전처리_C++프로그램모음\fast_slow구분+arff데이터만들기\숫자비교\Debug\link.5276.write.1.tlog
D:\chc\Starcraft_after_sep\replay_dev\전처리_C++프로그램모음\fast_slow구분+arff데이터만들기\숫자비교\Debug\link.5276-cvtres.read.1.tlog
D:\chc\Starcraft_after_sep\replay_dev\전처리_C++프로그램모음\fast_slow구분+arff데이터만들기\숫자비교\Debug\link.5276-cvtres.write.1.tlog
D:\chc\Starcraft_after_sep\replay_dev\전처리_C++프로그램모음\fast_slow구분+arff데이터만들기\숫자비교\Debug\link.6056.read.1.tlog
D:\chc\Starcraft_after_sep\replay_dev\전처리_C++프로그램모음\fast_slow구분+arff데이터만들기\숫자비교\Debug\link.6056.write.1.tlog
D:\chc\Starcraft_after_sep\replay_dev\전처리_C++프로그램모음\fast_slow구분+arff데이터만들기\숫자비교\Debug\link.6056-cvtres.read.1.tlog
D:\chc\Starcraft_after_sep\replay_dev\전처리_C++프로그램모음\fast_slow구분+arff데이터만들기\숫자비교\Debug\link.6056-cvtres.write.1.tlog
D:\chc\Starcraft_after_sep\replay_dev\전처리_C++프로그램모음\fast_slow구분+arff데이터만들기\숫자비교\Debug\link.6764.read.1.tlog
D:\chc\Starcraft_after_sep\replay_dev\전처리_C++프로그램모음\fast_slow구분+arff데이터만들기\숫자비교\Debug\link.6764.write.1.tlog
D:\chc\Starcraft_after_sep\replay_dev\전처리_C++프로그램모음\fast_slow구분+arff데이터만들기\숫자비교\Debug\link.6764-cvtres.read.1.tlog
D:\chc\Starcraft_after_sep\replay_dev\전처리_C++프로그램모음\fast_slow구분+arff데이터만들기\숫자비교\Debug\link.6764-cvtres.write.1.tlog
D:\chc\Starcraft_after_sep\replay_dev\전처리_C++프로그램모음\fast_slow구분+arff데이터만들기\숫자비교\Debug\link.916.read.1.tlog
D:\chc\Starcraft_after_sep\replay_dev\전처리_C++프로그램모음\fast_slow구분+arff데이터만들기\숫자비교\Debug\link.916.write.1.tlog
D:\chc\Starcraft_after_sep\replay_dev\전처리_C++프로그램모음\fast_slow구분+arff데이터만들기\숫자비교\Debug\link.916-cvtres.read.1.tlog
D:\chc\Starcraft_after_sep\replay_dev\전처리_C++프로그램모음\fast_slow구분+arff데이터만들기\숫자비교\Debug\link.916-cvtres.write.1.tlog
D:\chc\Starcraft_after_sep\replay_dev\전처리_C++프로그램모음\fast_slow구분+arff데이터만들기\숫자비교\Debug\link.command.1.tlog
D:\chc\Starcraft_after_sep\replay_dev\전처리_C++프로그램모음\fast_slow구분+arff데이터만들기\숫자비교\Debug\link.read.1.tlog
D:\chc\Starcraft_after_sep\replay_dev\전처리_C++프로그램모음\fast_slow구분+arff데이터만들기\숫자비교\Debug\link.write.1.tlog
D:\chc\Starcraft_after_sep\replay_dev\전처리_C++프로그램모음\fast_slow구분+arff데이터만들기\숫자비교\Debug\link-cvtres.read.1.tlog
D:\chc\Starcraft_after_sep\replay_dev\전처리_C++프로그램모음\fast_slow구분+arff데이터만들기\숫자비교\Debug\link-cvtres.write.1.tlog
D:\chc\Starcraft_after_sep\replay_dev\전처리_C++프로그램모음\fast_slow구분+arff데이터만들기\숫자비교\Debug\mt.command.1.tlog
D:\chc\Starcraft_after_sep\replay_dev\전처리_C++프로그램모음\fast_slow구분+arff데이터만들기\숫자비교\Debug\mt.read.1.tlog
D:\chc\Starcraft_after_sep\replay_dev\전처리_C++프로그램모음\fast_slow구분+arff데이터만들기\숫자비교\Debug\mt.write.1.tlog
D:\chc\Starcraft_after_sep\replay_dev\전처리_C++프로그램모음\fast_slow구분+arff데이터만들기\숫자비교\Debug\rc.command.1.tlog
D:\chc\Starcraft_after_sep\replay_dev\전처리_C++프로그램모음\fast_slow구분+arff데이터만들기\숫자비교\Debug\rc.read.1.tlog
D:\chc\Starcraft_after_sep\replay_dev\전처리_C++프로그램모음\fast_slow구분+arff데이터만들기\숫자비교\Debug\rc.write.1.tlog
D:\chc\Starcraft_after_sep\replay_dev\전처리_C++프로그램모음\fast_slow구분+arff데이터만들기\숫자비교\Debug\vc100.idb
D:\CHC\STARCRAFT_AFTER_SEP\REPLAY_DEV\전처리_C++프로그램모음\FAST_SLOW구분+ARFF데이터만들기\숫자비교\DEBUG\VC100.PDB
D:\chc\Starcraft_after_sep\replay_dev\전처리_C++프로그램모음\fast_slow구분+arff데이터만들기\숫자비교\Debug\숫자비교.exe.embed.manifest
D:\CHC\STARCRAFT_AFTER_SEP\REPLAY_DEV\전처리_C++프로그램모음\FAST_SLOW구분+ARFF데이터만들기\숫자비교\DEBUG\숫자비교.EXE.EMBED.MANIFEST.RES
D:\CHC\STARCRAFT_AFTER_SEP\REPLAY_DEV\전처리_C++프로그램모음\FAST_SLOW구분+ARFF데이터만들기\숫자비교\DEBUG\숫자비교.EXE.INTERMEDIATE.MANIFEST
D:\CHC\STARCRAFT_AFTER_SEP\REPLAY_DEV\전처리_C++프로그램모음\FAST_SLOW구분+ARFF데이터만들기\숫자비교\DEBUG\숫자비교.OBJ
D:\chc\Starcraft_after_sep\replay_dev\전처리_C++프로그램모음\fast_slow구분+arff데이터만들기\숫자비교\Debug\숫자비교_manifest.rc
